[4.477s] Invoking command in '/home/ubuntu/workspace/src/robots/topics/raspicam/build/turtlebot_image_publisher': PYTHONPATH=/home/ubuntu/workspace/src/robots/topics/raspicam/build/turtlebot_image_publisher/prefix_override:/home/ubuntu/workspace/src/robots/topics/raspicam/install/turtlebot_image_publisher/lib/python3.8/site-packages:${PYTHONPATH} /usr/bin/python3 setup.py develop --uninstall --editable --build-directory /home/ubuntu/workspace/src/robots/topics/raspicam/build/turtlebot_image_publisher/build
[6.175s] running develop
[7.300s] Invoked command in '/home/ubuntu/workspace/src/robots/topics/raspicam/build/turtlebot_image_publisher' returned '0': PYTHONPATH=/home/ubuntu/workspace/src/robots/topics/raspicam/build/turtlebot_image_publisher/prefix_override:/home/ubuntu/workspace/src/robots/topics/raspicam/install/turtlebot_image_publisher/lib/python3.8/site-packages:${PYTHONPATH} /usr/bin/python3 setup.py develop --uninstall --editable --build-directory /home/ubuntu/workspace/src/robots/topics/raspicam/build/turtlebot_image_publisher/build
[7.317s] Invoking command in '/home/ubuntu/workspace/src/robots/topics/raspicam/turtlebot_image_publisher': PYTHONPATH=/home/ubuntu/workspace/src/robots/topics/raspicam/build/turtlebot_image_publisher/prefix_override:/home/ubuntu/workspace/src/robots/topics/raspicam/install/turtlebot_image_publisher/lib/python3.8/site-packages:${PYTHONPATH} /usr/bin/python3 setup.py egg_info --egg-base ../build/turtlebot_image_publisher build --build-base /home/ubuntu/workspace/src/robots/topics/raspicam/build/turtlebot_image_publisher/build install --record /home/ubuntu/workspace/src/robots/topics/raspicam/build/turtlebot_image_publisher/install.log --install-scripts $base/lib/turtlebot_image_publisher --single-version-externally-managed
[8.872s] running egg_info
[8.876s] writing ../build/turtlebot_image_publisher/turtlebot_image_publisher.egg-info/PKG-INFO
[8.878s] writing dependency_links to ../build/turtlebot_image_publisher/turtlebot_image_publisher.egg-info/dependency_links.txt
[8.879s] writing entry points to ../build/turtlebot_image_publisher/turtlebot_image_publisher.egg-info/entry_points.txt
[8.880s] writing requirements to ../build/turtlebot_image_publisher/turtlebot_image_publisher.egg-info/requires.txt
[8.882s] writing top-level names to ../build/turtlebot_image_publisher/turtlebot_image_publisher.egg-info/top_level.txt
[9.163s] reading manifest file '../build/turtlebot_image_publisher/turtlebot_image_publisher.egg-info/SOURCES.txt'
[9.170s] writing manifest file '../build/turtlebot_image_publisher/turtlebot_image_publisher.egg-info/SOURCES.txt'
[9.171s] running build
[9.172s] running build_py
[9.174s] copying turtlebot_image_publisher/image_publisher.py -> /home/ubuntu/workspace/src/robots/topics/raspicam/build/turtlebot_image_publisher/build/lib/turtlebot_image_publisher
[9.177s] running install
[9.184s] running install_lib
[9.192s] copying /home/ubuntu/workspace/src/robots/topics/raspicam/build/turtlebot_image_publisher/build/lib/turtlebot_image_publisher/image_publisher.py -> /home/ubuntu/workspace/src/robots/topics/raspicam/install/turtlebot_image_publisher/lib/python3.8/site-packages/turtlebot_image_publisher
[9.196s] byte-compiling /home/ubuntu/workspace/src/robots/topics/raspicam/install/turtlebot_image_publisher/lib/python3.8/site-packages/turtlebot_image_publisher/image_publisher.py to image_publisher.cpython-38.pyc
[9.207s] running install_data
[9.211s] running install_egg_info
[9.222s] removing '/home/ubuntu/workspace/src/robots/topics/raspicam/install/turtlebot_image_publisher/lib/python3.8/site-packages/turtlebot_image_publisher-0.0.0-py3.8.egg-info' (and everything under it)
[9.225s] Copying ../build/turtlebot_image_publisher/turtlebot_image_publisher.egg-info to /home/ubuntu/workspace/src/robots/topics/raspicam/install/turtlebot_image_publisher/lib/python3.8/site-packages/turtlebot_image_publisher-0.0.0-py3.8.egg-info
[9.234s] running install_scripts
[9.354s] Installing turtlebot_image_publisher script to /home/ubuntu/workspace/src/robots/topics/raspicam/install/turtlebot_image_publisher/lib/turtlebot_image_publisher
[9.357s] writing list of installed files to '/home/ubuntu/workspace/src/robots/topics/raspicam/build/turtlebot_image_publisher/install.log'
[9.534s] Invoked command in '/home/ubuntu/workspace/src/robots/topics/raspicam/turtlebot_image_publisher' returned '0': PYTHONPATH=/home/ubuntu/workspace/src/robots/topics/raspicam/build/turtlebot_image_publisher/prefix_override:/home/ubuntu/workspace/src/robots/topics/raspicam/install/turtlebot_image_publisher/lib/python3.8/site-packages:${PYTHONPATH} /usr/bin/python3 setup.py egg_info --egg-base ../build/turtlebot_image_publisher build --build-base /home/ubuntu/workspace/src/robots/topics/raspicam/build/turtlebot_image_publisher/build install --record /home/ubuntu/workspace/src/robots/topics/raspicam/build/turtlebot_image_publisher/install.log --install-scripts $base/lib/turtlebot_image_publisher --single-version-externally-managed
