[2.533s] DEBUG:colcon:Command line arguments: ['/usr/bin/colcon', 'build']
[2.534s] DEBUG:colcon:Parsed command line arguments: Namespace(allow_overriding=[], ament_cmake_args=None, base_paths=['.'], build_base='build', catkin_cmake_args=None, catkin_skip_building_tests=False, cmake_args=None, cmake_clean_cache=False, cmake_clean_first=False, cmake_force_configure=False, cmake_target=None, cmake_target_skip_unavailable=False, continue_on_error=False, event_handlers=None, executor='parallel', ignore_user_meta=False, install_base='install', log_base=None, log_level=None, main=<bound method BuildVerb.main of <colcon_core.verb.build.BuildVerb object at 0xffffb45f3550>>, merge_install=False, metas=['./colcon.meta'], packages_above=None, packages_above_and_dependencies=None, packages_above_depth=None, packages_end=None, packages_ignore=None, packages_ignore_regex=None, packages_select=None, packages_select_build_failed=False, packages_select_by_dep=None, packages_select_regex=None, packages_select_test_failures=False, packages_skip=None, packages_skip_build_finished=False, packages_skip_by_dep=None, packages_skip_regex=None, packages_skip_test_passed=False, packages_skip_up_to=None, packages_start=None, packages_up_to=None, packages_up_to_regex=None, parallel_workers=4, paths=None, symlink_install=False, test_result_base=None, verb_extension=<colcon_core.verb.build.BuildVerb object at 0xffffb45f3550>, verb_name='build', verb_parser=<colcon_defaults.argument_parser.defaults.DefaultArgumentsDecorator object at 0xffffb45f3a90>)
[2.753s] Level 1:colcon.colcon_core.package_discovery:discover_packages(colcon_meta) check parameters
[2.754s] Level 1:colcon.colcon_core.package_discovery:discover_packages(recursive) check parameters
[2.754s] Level 1:colcon.colcon_core.package_discovery:discover_packages(ignore) check parameters
[2.754s] Level 1:colcon.colcon_core.package_discovery:discover_packages(path) check parameters
[2.755s] Level 1:colcon.colcon_core.package_discovery:discover_packages(colcon_meta) discover
[2.755s] Level 1:colcon.colcon_core.package_discovery:discover_packages(recursive) discover
[2.755s] INFO:colcon.colcon_core.package_discovery:Crawling recursively for packages in '/home/ubuntu/workspace/src/robots/topics/raspicam'
[2.756s] Level 1:colcon.colcon_core.package_identification:_identify(.) by extensions ['ignore', 'ignore_ament_install']
[2.757s] Level 1:colcon.colcon_core.package_identification:_identify(.) by extension 'ignore'
[2.757s] Level 1:colcon.colcon_core.package_identification:_identify(.) by extension 'ignore_ament_install'
[2.758s] Level 1:colcon.colcon_core.package_identification:_identify(.) by extensions ['colcon_pkg']
[2.758s] Level 1:colcon.colcon_core.package_identification:_identify(.) by extension 'colcon_pkg'
[2.758s] Level 1:colcon.colcon_core.package_identification:_identify(.) by extensions ['colcon_meta']
[2.759s] Level 1:colcon.colcon_core.package_identification:_identify(.) by extension 'colcon_meta'
[2.759s] Level 1:colcon.colcon_core.package_identification:_identify(.) by extensions ['ros']
[2.759s] Level 1:colcon.colcon_core.package_identification:_identify(.) by extension 'ros'
[2.923s] Level 1:colcon.colcon_core.package_identification:_identify(.) by extensions ['cmake', 'python']
[2.924s] Level 1:colcon.colcon_core.package_identification:_identify(.) by extension 'cmake'
[2.924s] Level 1:colcon.colcon_core.package_identification:_identify(.) by extension 'python'
[2.925s] Level 1:colcon.colcon_core.package_identification:_identify(.) by extensions ['python_setup_py']
[2.925s] Level 1:colcon.colcon_core.package_identification:_identify(.) by extension 'python_setup_py'
[2.926s] Level 1:colcon.colcon_core.package_identification:_identify(build) by extensions ['ignore', 'ignore_ament_install']
[2.927s] Level 1:colcon.colcon_core.package_identification:_identify(build) by extension 'ignore'
[2.927s] Level 1:colcon.colcon_core.package_identification:_identify(build) ignored
[2.928s] Level 1:colcon.colcon_core.package_identification:_identify(install) by extensions ['ignore', 'ignore_ament_install']
[2.929s] Level 1:colcon.colcon_core.package_identification:_identify(install) by extension 'ignore'
[2.929s] Level 1:colcon.colcon_core.package_identification:_identify(install) ignored
[2.930s] Level 1:colcon.colcon_core.package_identification:_identify(log) by extensions ['ignore', 'ignore_ament_install']
[2.931s] Level 1:colcon.colcon_core.package_identification:_identify(log) by extension 'ignore'
[2.931s] Level 1:colcon.colcon_core.package_identification:_identify(log) ignored
[2.932s] Level 1:colcon.colcon_core.package_identification:_identify(turtlebot_image_publisher) by extensions ['ignore', 'ignore_ament_install']
[2.933s] Level 1:colcon.colcon_core.package_identification:_identify(turtlebot_image_publisher) by extension 'ignore'
[2.933s] Level 1:colcon.colcon_core.package_identification:_identify(turtlebot_image_publisher) by extension 'ignore_ament_install'
[2.933s] Level 1:colcon.colcon_core.package_identification:_identify(turtlebot_image_publisher) by extensions ['colcon_pkg']
[2.934s] Level 1:colcon.colcon_core.package_identification:_identify(turtlebot_image_publisher) by extension 'colcon_pkg'
[2.934s] Level 1:colcon.colcon_core.package_identification:_identify(turtlebot_image_publisher) by extensions ['colcon_meta']
[2.934s] Level 1:colcon.colcon_core.package_identification:_identify(turtlebot_image_publisher) by extension 'colcon_meta'
[2.935s] Level 1:colcon.colcon_core.package_identification:_identify(turtlebot_image_publisher) by extensions ['ros']
[2.935s] Level 1:colcon.colcon_core.package_identification:_identify(turtlebot_image_publisher) by extension 'ros'
[2.953s] DEBUG:colcon.colcon_core.package_identification:Package 'turtlebot_image_publisher' with type 'ros.ament_python' and name 'turtlebot_image_publisher'
[2.953s] Level 1:colcon.colcon_core.package_discovery:discover_packages(recursive) using defaults
[2.954s] Level 1:colcon.colcon_core.package_discovery:discover_packages(ignore) discover
[2.954s] Level 1:colcon.colcon_core.package_discovery:discover_packages(ignore) using defaults
[2.954s] Level 1:colcon.colcon_core.package_discovery:discover_packages(path) discover
[2.954s] Level 1:colcon.colcon_core.package_discovery:discover_packages(path) using defaults
[3.109s] Level 1:colcon.colcon_core.package_discovery:discover_packages(prefix_path) check parameters
[3.109s] Level 1:colcon.colcon_core.package_discovery:discover_packages(prefix_path) discover
[3.134s] DEBUG:colcon.colcon_installed_package_information.package_discovery:Found 7 installed packages in /home/ubuntu/turtlebot3_ws/install
[3.150s] DEBUG:colcon.colcon_installed_package_information.package_discovery:Found 180 installed packages in /opt/ros/foxy
[3.159s] Level 1:colcon.colcon_core.package_discovery:discover_packages(prefix_path) using defaults
[3.576s] Level 5:colcon.colcon_core.verb:set package 'turtlebot_image_publisher' build argument 'cmake_args' from command line to 'None'
[3.576s] Level 5:colcon.colcon_core.verb:set package 'turtlebot_image_publisher' build argument 'cmake_target' from command line to 'None'
[3.576s] Level 5:colcon.colcon_core.verb:set package 'turtlebot_image_publisher' build argument 'cmake_target_skip_unavailable' from command line to 'False'
[3.577s] Level 5:colcon.colcon_core.verb:set package 'turtlebot_image_publisher' build argument 'cmake_clean_cache' from command line to 'False'
[3.577s] Level 5:colcon.colcon_core.verb:set package 'turtlebot_image_publisher' build argument 'cmake_clean_first' from command line to 'False'
[3.577s] Level 5:colcon.colcon_core.verb:set package 'turtlebot_image_publisher' build argument 'cmake_force_configure' from command line to 'False'
[3.577s] Level 5:colcon.colcon_core.verb:set package 'turtlebot_image_publisher' build argument 'ament_cmake_args' from command line to 'None'
[3.577s] Level 5:colcon.colcon_core.verb:set package 'turtlebot_image_publisher' build argument 'catkin_cmake_args' from command line to 'None'
[3.578s] Level 5:colcon.colcon_core.verb:set package 'turtlebot_image_publisher' build argument 'catkin_skip_building_tests' from command line to 'False'
[3.578s] DEBUG:colcon.colcon_core.verb:Building package 'turtlebot_image_publisher' with the following arguments: {'ament_cmake_args': None, 'build_base': '/home/ubuntu/workspace/src/robots/topics/raspicam/build/turtlebot_image_publisher', 'catkin_cmake_args': None, 'catkin_skip_building_tests': False, 'cmake_args': None, 'cmake_clean_cache': False, 'cmake_clean_first': False, 'cmake_force_configure': False, 'cmake_target': None, 'cmake_target_skip_unavailable': False, 'install_base': '/home/ubuntu/workspace/src/robots/topics/raspicam/install/turtlebot_image_publisher', 'merge_install': False, 'path': '/home/ubuntu/workspace/src/robots/topics/raspicam/turtlebot_image_publisher', 'symlink_install': False, 'test_result_base': None}
[3.583s] INFO:colcon.colcon_core.executor:Executing jobs using 'parallel' executor
[3.611s] DEBUG:colcon.colcon_parallel_executor.executor.parallel:run_until_complete
[3.614s] INFO:colcon.colcon_ros.task.ament_python.build:Building ROS package in '/home/ubuntu/workspace/src/robots/topics/raspicam/turtlebot_image_publisher' with build type 'ament_python'
[3.615s] Level 1:colcon.colcon_core.shell:create_environment_hook('turtlebot_image_publisher', 'ament_prefix_path')
[3.652s] INFO:colcon.colcon_core.plugin_system:Skipping extension 'colcon_core.shell.bat': Not used on non-Windows systems
[3.654s] INFO:colcon.colcon_core.shell:Creating environment hook '/home/ubuntu/workspace/src/robots/topics/raspicam/install/turtlebot_image_publisher/share/turtlebot_image_publisher/hook/ament_prefix_path.ps1'
[3.658s] INFO:colcon.colcon_core.shell:Creating environment descriptor '/home/ubuntu/workspace/src/robots/topics/raspicam/install/turtlebot_image_publisher/share/turtlebot_image_publisher/hook/ament_prefix_path.dsv'
[3.662s] INFO:colcon.colcon_core.shell:Creating environment hook '/home/ubuntu/workspace/src/robots/topics/raspicam/install/turtlebot_image_publisher/share/turtlebot_image_publisher/hook/ament_prefix_path.sh'
[3.676s] INFO:colcon.colcon_core.shell:Skip shell extension 'powershell' for command environment: Not usable outside of PowerShell
[3.677s] DEBUG:colcon.colcon_core.shell:Skip shell extension 'dsv' for command environment
[5.453s] INFO:colcon.colcon_core.task.python.build:Building Python package in '/home/ubuntu/workspace/src/robots/topics/raspicam/turtlebot_image_publisher'
[5.465s] INFO:colcon.colcon_core.shell:Skip shell extension 'powershell' for command environment: Not usable outside of PowerShell
[5.465s] DEBUG:colcon.colcon_core.shell:Skip shell extension 'dsv' for command environment
[8.256s] DEBUG:colcon.colcon_core.event_handler.log_command:Invoking command in '/home/ubuntu/workspace/src/robots/topics/raspicam/turtlebot_image_publisher': PYTHONPATH=/home/ubuntu/workspace/src/robots/topics/raspicam/build/turtlebot_image_publisher/prefix_override:/home/ubuntu/workspace/src/robots/topics/raspicam/install/turtlebot_image_publisher/lib/python3.8/site-packages:${PYTHONPATH} /usr/bin/python3 setup.py egg_info --egg-base ../build/turtlebot_image_publisher build --build-base /home/ubuntu/workspace/src/robots/topics/raspicam/build/turtlebot_image_publisher/build install --record /home/ubuntu/workspace/src/robots/topics/raspicam/build/turtlebot_image_publisher/install.log --install-scripts $base/lib/turtlebot_image_publisher --single-version-externally-managed
[10.579s] DEBUG:colcon.colcon_core.event_handler.log_command:Invoked command in '/home/ubuntu/workspace/src/robots/topics/raspicam/turtlebot_image_publisher' returned '0': PYTHONPATH=/home/ubuntu/workspace/src/robots/topics/raspicam/build/turtlebot_image_publisher/prefix_override:/home/ubuntu/workspace/src/robots/topics/raspicam/install/turtlebot_image_publisher/lib/python3.8/site-packages:${PYTHONPATH} /usr/bin/python3 setup.py egg_info --egg-base ../build/turtlebot_image_publisher build --build-base /home/ubuntu/workspace/src/robots/topics/raspicam/build/turtlebot_image_publisher/build install --record /home/ubuntu/workspace/src/robots/topics/raspicam/build/turtlebot_image_publisher/install.log --install-scripts $base/lib/turtlebot_image_publisher --single-version-externally-managed
[10.627s] Level 1:colcon.colcon_core.environment:checking '/home/ubuntu/workspace/src/robots/topics/raspicam/install/turtlebot_image_publisher' for CMake module files
[10.632s] Level 1:colcon.colcon_core.environment:checking '/home/ubuntu/workspace/src/robots/topics/raspicam/install/turtlebot_image_publisher' for CMake config files
[10.638s] Level 1:colcon.colcon_core.environment:checking '/home/ubuntu/workspace/src/robots/topics/raspicam/install/turtlebot_image_publisher/lib'
[10.639s] Level 1:colcon.colcon_core.environment:checking '/home/ubuntu/workspace/src/robots/topics/raspicam/install/turtlebot_image_publisher/bin'
[10.640s] Level 1:colcon.colcon_core.environment:checking '/home/ubuntu/workspace/src/robots/topics/raspicam/install/turtlebot_image_publisher/lib/pkgconfig/turtlebot_image_publisher.pc'
[10.643s] Level 1:colcon.colcon_core.environment:checking '/home/ubuntu/workspace/src/robots/topics/raspicam/install/turtlebot_image_publisher/lib/python3.8/site-packages'
[10.644s] Level 1:colcon.colcon_core.shell:create_environment_hook('turtlebot_image_publisher', 'pythonpath')
[10.655s] INFO:colcon.colcon_core.shell:Creating environment hook '/home/ubuntu/workspace/src/robots/topics/raspicam/install/turtlebot_image_publisher/share/turtlebot_image_publisher/hook/pythonpath.ps1'
[10.658s] INFO:colcon.colcon_core.shell:Creating environment descriptor '/home/ubuntu/workspace/src/robots/topics/raspicam/install/turtlebot_image_publisher/share/turtlebot_image_publisher/hook/pythonpath.dsv'
[10.661s] INFO:colcon.colcon_core.shell:Creating environment hook '/home/ubuntu/workspace/src/robots/topics/raspicam/install/turtlebot_image_publisher/share/turtlebot_image_publisher/hook/pythonpath.sh'
[10.664s] Level 1:colcon.colcon_core.environment:checking '/home/ubuntu/workspace/src/robots/topics/raspicam/install/turtlebot_image_publisher/bin'
[10.665s] Level 1:colcon.colcon_core.environment:create_environment_scripts_only(turtlebot_image_publisher)
[10.677s] INFO:colcon.colcon_core.shell:Creating package script '/home/ubuntu/workspace/src/robots/topics/raspicam/install/turtlebot_image_publisher/share/turtlebot_image_publisher/package.ps1'
[10.683s] INFO:colcon.colcon_core.shell:Creating package descriptor '/home/ubuntu/workspace/src/robots/topics/raspicam/install/turtlebot_image_publisher/share/turtlebot_image_publisher/package.dsv'
[10.688s] INFO:colcon.colcon_core.shell:Creating package script '/home/ubuntu/workspace/src/robots/topics/raspicam/install/turtlebot_image_publisher/share/turtlebot_image_publisher/package.sh'
[10.694s] INFO:colcon.colcon_core.shell:Creating package script '/home/ubuntu/workspace/src/robots/topics/raspicam/install/turtlebot_image_publisher/share/turtlebot_image_publisher/package.bash'
[10.700s] INFO:colcon.colcon_core.shell:Creating package script '/home/ubuntu/workspace/src/robots/topics/raspicam/install/turtlebot_image_publisher/share/turtlebot_image_publisher/package.zsh'
[10.706s] Level 1:colcon.colcon_core.environment:create_file_with_runtime_dependencies(/home/ubuntu/workspace/src/robots/topics/raspicam/install/turtlebot_image_publisher/share/colcon-core/packages/turtlebot_image_publisher)
[10.709s] DEBUG:colcon.colcon_parallel_executor.executor.parallel:closing loop
[10.712s] DEBUG:colcon.colcon_parallel_executor.executor.parallel:loop closed
[10.713s] DEBUG:colcon.colcon_parallel_executor.executor.parallel:run_until_complete finished with '0'
[10.713s] DEBUG:colcon.colcon_core.event_reactor:joining thread
[10.751s] INFO:colcon.colcon_core.plugin_system:Skipping extension 'colcon_notification.desktop_notification.notify_send': Could not find 'notify-send'
[10.751s] INFO:colcon.colcon_core.plugin_system:Skipping extension 'colcon_notification.desktop_notification.terminal_notifier': Not used on non-Darwin systems
[10.752s] INFO:colcon.colcon_core.plugin_system:Skipping extension 'colcon_notification.desktop_notification.win32': Not used on non-Windows systems
[10.752s] INFO:colcon.colcon_notification.desktop_notification:Sending desktop notification using 'notify2'
[10.757s] DEBUG:colcon.colcon_notification.desktop_notification.notify2:Failed to initialize notify2: org.freedesktop.DBus.Error.ServiceUnknown: The name org.freedesktop.Notifications was not provided by any .service files
[10.757s] DEBUG:colcon.colcon_core.event_reactor:joined thread
[10.778s] INFO:colcon.colcon_core.shell:Creating prefix script '/home/ubuntu/workspace/src/robots/topics/raspicam/install/local_setup.ps1'
[10.785s] INFO:colcon.colcon_core.shell:Creating prefix util module '/home/ubuntu/workspace/src/robots/topics/raspicam/install/_local_setup_util_ps1.py'
[10.795s] INFO:colcon.colcon_core.shell:Creating prefix chain script '/home/ubuntu/workspace/src/robots/topics/raspicam/install/setup.ps1'
[10.807s] INFO:colcon.colcon_core.shell:Creating prefix script '/home/ubuntu/workspace/src/robots/topics/raspicam/install/local_setup.sh'
[10.811s] INFO:colcon.colcon_core.shell:Creating prefix util module '/home/ubuntu/workspace/src/robots/topics/raspicam/install/_local_setup_util_sh.py'
[10.815s] INFO:colcon.colcon_core.shell:Creating prefix chain script '/home/ubuntu/workspace/src/robots/topics/raspicam/install/setup.sh'
[10.828s] INFO:colcon.colcon_core.shell:Creating prefix script '/home/ubuntu/workspace/src/robots/topics/raspicam/install/local_setup.bash'
[10.831s] INFO:colcon.colcon_core.shell:Creating prefix chain script '/home/ubuntu/workspace/src/robots/topics/raspicam/install/setup.bash'
[10.845s] INFO:colcon.colcon_core.shell:Creating prefix script '/home/ubuntu/workspace/src/robots/topics/raspicam/install/local_setup.zsh'
[10.849s] INFO:colcon.colcon_core.shell:Creating prefix chain script '/home/ubuntu/workspace/src/robots/topics/raspicam/install/setup.zsh'
