[2.475s] DEBUG:colcon:Command line arguments: ['/usr/bin/colcon', 'build', '--symlink-install']
[2.475s] DEBUG:colcon:Parsed command line arguments: Namespace(allow_overriding=[], ament_cmake_args=None, base_paths=['.'], build_base='build', catkin_cmake_args=None, catkin_skip_building_tests=False, cmake_args=None, cmake_clean_cache=False, cmake_clean_first=False, cmake_force_configure=False, cmake_target=None, cmake_target_skip_unavailable=False, continue_on_error=False, event_handlers=None, executor='parallel', ignore_user_meta=False, install_base='install', log_base=None, log_level=None, main=<bound method BuildVerb.main of <colcon_core.verb.build.BuildVerb object at 0xffff8f9da070>>, merge_install=False, metas=['./colcon.meta'], packages_above=None, packages_above_and_dependencies=None, packages_above_depth=None, packages_end=None, packages_ignore=None, packages_ignore_regex=None, packages_select=None, packages_select_build_failed=False, packages_select_by_dep=None, packages_select_regex=None, packages_select_test_failures=False, packages_skip=None, packages_skip_build_finished=False, packages_skip_by_dep=None, packages_skip_regex=None, packages_skip_test_passed=False, packages_skip_up_to=None, packages_start=None, packages_up_to=None, packages_up_to_regex=None, parallel_workers=4, paths=None, symlink_install=True, test_result_base=None, verb_extension=<colcon_core.verb.build.BuildVerb object at 0xffff8f9da070>, verb_name='build', verb_parser=<colcon_defaults.argument_parser.defaults.DefaultArgumentsDecorator object at 0xffff8f9da5b0>)
[2.690s] Level 1:colcon.colcon_core.package_discovery:discover_packages(colcon_meta) check parameters
[2.691s] Level 1:colcon.colcon_core.package_discovery:discover_packages(recursive) check parameters
[2.692s] Level 1:colcon.colcon_core.package_discovery:discover_packages(ignore) check parameters
[2.692s] Level 1:colcon.colcon_core.package_discovery:discover_packages(path) check parameters
[2.692s] Level 1:colcon.colcon_core.package_discovery:discover_packages(colcon_meta) discover
[2.692s] Level 1:colcon.colcon_core.package_discovery:discover_packages(recursive) discover
[2.693s] INFO:colcon.colcon_core.package_discovery:Crawling recursively for packages in '/home/ubuntu/workspace/src/robots/topics/raspicam'
[2.693s] Level 1:colcon.colcon_core.package_identification:_identify(.) by extensions ['ignore', 'ignore_ament_install']
[2.694s] Level 1:colcon.colcon_core.package_identification:_identify(.) by extension 'ignore'
[2.695s] Level 1:colcon.colcon_core.package_identification:_identify(.) by extension 'ignore_ament_install'
[2.695s] Level 1:colcon.colcon_core.package_identification:_identify(.) by extensions ['colcon_pkg']
[2.695s] Level 1:colcon.colcon_core.package_identification:_identify(.) by extension 'colcon_pkg'
[2.696s] Level 1:colcon.colcon_core.package_identification:_identify(.) by extensions ['colcon_meta']
[2.696s] Level 1:colcon.colcon_core.package_identification:_identify(.) by extension 'colcon_meta'
[2.696s] Level 1:colcon.colcon_core.package_identification:_identify(.) by extensions ['ros']
[2.696s] Level 1:colcon.colcon_core.package_identification:_identify(.) by extension 'ros'
[2.861s] Level 1:colcon.colcon_core.package_identification:_identify(.) by extensions ['cmake', 'python']
[2.862s] Level 1:colcon.colcon_core.package_identification:_identify(.) by extension 'cmake'
[2.862s] Level 1:colcon.colcon_core.package_identification:_identify(.) by extension 'python'
[2.862s] Level 1:colcon.colcon_core.package_identification:_identify(.) by extensions ['python_setup_py']
[2.863s] Level 1:colcon.colcon_core.package_identification:_identify(.) by extension 'python_setup_py'
[2.864s] Level 1:colcon.colcon_core.package_identification:_identify(build) by extensions ['ignore', 'ignore_ament_install']
[2.864s] Level 1:colcon.colcon_core.package_identification:_identify(build) by extension 'ignore'
[2.865s] Level 1:colcon.colcon_core.package_identification:_identify(build) ignored
[2.866s] Level 1:colcon.colcon_core.package_identification:_identify(install) by extensions ['ignore', 'ignore_ament_install']
[2.867s] Level 1:colcon.colcon_core.package_identification:_identify(install) by extension 'ignore'
[2.867s] Level 1:colcon.colcon_core.package_identification:_identify(install) ignored
[2.868s] Level 1:colcon.colcon_core.package_identification:_identify(log) by extensions ['ignore', 'ignore_ament_install']
[2.869s] Level 1:colcon.colcon_core.package_identification:_identify(log) by extension 'ignore'
[2.869s] Level 1:colcon.colcon_core.package_identification:_identify(log) ignored
[2.870s] Level 1:colcon.colcon_core.package_identification:_identify(turtlebot_image_publisher) by extensions ['ignore', 'ignore_ament_install']
[2.870s] Level 1:colcon.colcon_core.package_identification:_identify(turtlebot_image_publisher) by extension 'ignore'
[2.871s] Level 1:colcon.colcon_core.package_identification:_identify(turtlebot_image_publisher) by extension 'ignore_ament_install'
[2.871s] Level 1:colcon.colcon_core.package_identification:_identify(turtlebot_image_publisher) by extensions ['colcon_pkg']
[2.871s] Level 1:colcon.colcon_core.package_identification:_identify(turtlebot_image_publisher) by extension 'colcon_pkg'
[2.872s] Level 1:colcon.colcon_core.package_identification:_identify(turtlebot_image_publisher) by extensions ['colcon_meta']
[2.872s] Level 1:colcon.colcon_core.package_identification:_identify(turtlebot_image_publisher) by extension 'colcon_meta'
[2.872s] Level 1:colcon.colcon_core.package_identification:_identify(turtlebot_image_publisher) by extensions ['ros']
[2.873s] Level 1:colcon.colcon_core.package_identification:_identify(turtlebot_image_publisher) by extension 'ros'
[2.890s] DEBUG:colcon.colcon_core.package_identification:Package 'turtlebot_image_publisher' with type 'ros.ament_python' and name 'turtlebot_image_publisher'
[2.891s] Level 1:colcon.colcon_core.package_discovery:discover_packages(recursive) using defaults
[2.891s] Level 1:colcon.colcon_core.package_discovery:discover_packages(ignore) discover
[2.891s] Level 1:colcon.colcon_core.package_discovery:discover_packages(ignore) using defaults
[2.892s] Level 1:colcon.colcon_core.package_discovery:discover_packages(path) discover
[2.892s] Level 1:colcon.colcon_core.package_discovery:discover_packages(path) using defaults
[3.038s] Level 1:colcon.colcon_core.package_discovery:discover_packages(prefix_path) check parameters
[3.038s] Level 1:colcon.colcon_core.package_discovery:discover_packages(prefix_path) discover
[3.066s] DEBUG:colcon.colcon_installed_package_information.package_discovery:Found 7 installed packages in /home/ubuntu/turtlebot3_ws/install
[3.083s] DEBUG:colcon.colcon_installed_package_information.package_discovery:Found 180 installed packages in /opt/ros/foxy
[3.092s] Level 1:colcon.colcon_core.package_discovery:discover_packages(prefix_path) using defaults
[3.495s] Level 5:colcon.colcon_core.verb:set package 'turtlebot_image_publisher' build argument 'cmake_args' from command line to 'None'
[3.496s] Level 5:colcon.colcon_core.verb:set package 'turtlebot_image_publisher' build argument 'cmake_target' from command line to 'None'
[3.496s] Level 5:colcon.colcon_core.verb:set package 'turtlebot_image_publisher' build argument 'cmake_target_skip_unavailable' from command line to 'False'
[3.496s] Level 5:colcon.colcon_core.verb:set package 'turtlebot_image_publisher' build argument 'cmake_clean_cache' from command line to 'False'
[3.496s] Level 5:colcon.colcon_core.verb:set package 'turtlebot_image_publisher' build argument 'cmake_clean_first' from command line to 'False'
[3.497s] Level 5:colcon.colcon_core.verb:set package 'turtlebot_image_publisher' build argument 'cmake_force_configure' from command line to 'False'
[3.497s] Level 5:colcon.colcon_core.verb:set package 'turtlebot_image_publisher' build argument 'ament_cmake_args' from command line to 'None'
[3.497s] Level 5:colcon.colcon_core.verb:set package 'turtlebot_image_publisher' build argument 'catkin_cmake_args' from command line to 'None'
[3.497s] Level 5:colcon.colcon_core.verb:set package 'turtlebot_image_publisher' build argument 'catkin_skip_building_tests' from command line to 'False'
[3.498s] DEBUG:colcon.colcon_core.verb:Building package 'turtlebot_image_publisher' with the following arguments: {'ament_cmake_args': None, 'build_base': '/home/ubuntu/workspace/src/robots/topics/raspicam/build/turtlebot_image_publisher', 'catkin_cmake_args': None, 'catkin_skip_building_tests': False, 'cmake_args': None, 'cmake_clean_cache': False, 'cmake_clean_first': False, 'cmake_force_configure': False, 'cmake_target': None, 'cmake_target_skip_unavailable': False, 'install_base': '/home/ubuntu/workspace/src/robots/topics/raspicam/install/turtlebot_image_publisher', 'merge_install': False, 'path': '/home/ubuntu/workspace/src/robots/topics/raspicam/turtlebot_image_publisher', 'symlink_install': True, 'test_result_base': None}
[3.503s] INFO:colcon.colcon_core.executor:Executing jobs using 'parallel' executor
[3.531s] DEBUG:colcon.colcon_parallel_executor.executor.parallel:run_until_complete
[3.534s] INFO:colcon.colcon_ros.task.ament_python.build:Building ROS package in '/home/ubuntu/workspace/src/robots/topics/raspicam/turtlebot_image_publisher' with build type 'ament_python'
[3.535s] Level 1:colcon.colcon_core.shell:create_environment_hook('turtlebot_image_publisher', 'ament_prefix_path')
[3.570s] INFO:colcon.colcon_core.plugin_system:Skipping extension 'colcon_core.shell.bat': Not used on non-Windows systems
[3.572s] INFO:colcon.colcon_core.shell:Creating environment hook '/home/ubuntu/workspace/src/robots/topics/raspicam/install/turtlebot_image_publisher/share/turtlebot_image_publisher/hook/ament_prefix_path.ps1'
[3.576s] INFO:colcon.colcon_core.shell:Creating environment descriptor '/home/ubuntu/workspace/src/robots/topics/raspicam/install/turtlebot_image_publisher/share/turtlebot_image_publisher/hook/ament_prefix_path.dsv'
[3.580s] INFO:colcon.colcon_core.shell:Creating environment hook '/home/ubuntu/workspace/src/robots/topics/raspicam/install/turtlebot_image_publisher/share/turtlebot_image_publisher/hook/ament_prefix_path.sh'
[3.596s] INFO:colcon.colcon_core.shell:Skip shell extension 'powershell' for command environment: Not usable outside of PowerShell
[3.597s] DEBUG:colcon.colcon_core.shell:Skip shell extension 'dsv' for command environment
[5.368s] INFO:colcon.colcon_core.task.python.build:Building Python package in '/home/ubuntu/workspace/src/robots/topics/raspicam/turtlebot_image_publisher'
[5.380s] INFO:colcon.colcon_core.shell:Skip shell extension 'powershell' for command environment: Not usable outside of PowerShell
[5.380s] DEBUG:colcon.colcon_core.shell:Skip shell extension 'dsv' for command environment
[8.172s] DEBUG:colcon.colcon_core.task.python.build:While undoing a previous installation files outside the Python library path are being ignored: /home/ubuntu/workspace/src/robots/topics/raspicam/install/turtlebot_image_publisher/share/ament_index/resource_index/packages/turtlebot_image_publisher
[8.172s] DEBUG:colcon.colcon_core.task.python.build:While undoing a previous installation files outside the Python library path are being ignored: /home/ubuntu/workspace/src/robots/topics/raspicam/install/turtlebot_image_publisher/share/turtlebot_image_publisher/package.xml
[8.175s] DEBUG:colcon.colcon_core.task.python.build:While undoing a previous installation files outside the Python library path are being ignored: /home/ubuntu/workspace/src/robots/topics/raspicam/install/turtlebot_image_publisher/lib/turtlebot_image_publisher/turtlebot_image_publisher
[8.188s] DEBUG:colcon.colcon_core.event_handler.log_command:Invoking command in '/home/ubuntu/workspace/src/robots/topics/raspicam/build/turtlebot_image_publisher': PYTHONPATH=/home/ubuntu/workspace/src/robots/topics/raspicam/build/turtlebot_image_publisher/prefix_override:/home/ubuntu/workspace/src/robots/topics/raspicam/install/turtlebot_image_publisher/lib/python3.8/site-packages:${PYTHONPATH} /usr/bin/python3 setup.py develop --editable --build-directory /home/ubuntu/workspace/src/robots/topics/raspicam/build/turtlebot_image_publisher/build --no-deps install_data
[11.491s] Level 1:colcon.colcon_core.shell:create_environment_hook('turtlebot_image_publisher', 'pythonpath_develop')
[11.506s] INFO:colcon.colcon_core.shell:Creating environment hook '/home/ubuntu/workspace/src/robots/topics/raspicam/build/turtlebot_image_publisher/share/turtlebot_image_publisher/hook/pythonpath_develop.ps1'
[11.507s] DEBUG:colcon.colcon_core.event_handler.log_command:Invoked command in '/home/ubuntu/workspace/src/robots/topics/raspicam/build/turtlebot_image_publisher' returned '0': PYTHONPATH=/home/ubuntu/workspace/src/robots/topics/raspicam/build/turtlebot_image_publisher/prefix_override:/home/ubuntu/workspace/src/robots/topics/raspicam/install/turtlebot_image_publisher/lib/python3.8/site-packages:${PYTHONPATH} /usr/bin/python3 setup.py develop --editable --build-directory /home/ubuntu/workspace/src/robots/topics/raspicam/build/turtlebot_image_publisher/build --no-deps install_data
[11.512s] INFO:colcon.colcon_core.shell:Creating environment descriptor '/home/ubuntu/workspace/src/robots/topics/raspicam/build/turtlebot_image_publisher/share/turtlebot_image_publisher/hook/pythonpath_develop.dsv'
[11.514s] INFO:colcon.colcon_core.shell:Creating environment hook '/home/ubuntu/workspace/src/robots/topics/raspicam/build/turtlebot_image_publisher/share/turtlebot_image_publisher/hook/pythonpath_develop.sh'
[11.559s] Level 1:colcon.colcon_core.environment:checking '/home/ubuntu/workspace/src/robots/topics/raspicam/install/turtlebot_image_publisher' for CMake module files
[11.564s] Level 1:colcon.colcon_core.environment:checking '/home/ubuntu/workspace/src/robots/topics/raspicam/install/turtlebot_image_publisher' for CMake config files
[11.570s] Level 1:colcon.colcon_core.environment:checking '/home/ubuntu/workspace/src/robots/topics/raspicam/install/turtlebot_image_publisher/lib'
[11.571s] Level 1:colcon.colcon_core.environment:checking '/home/ubuntu/workspace/src/robots/topics/raspicam/install/turtlebot_image_publisher/bin'
[11.572s] Level 1:colcon.colcon_core.environment:checking '/home/ubuntu/workspace/src/robots/topics/raspicam/install/turtlebot_image_publisher/lib/pkgconfig/turtlebot_image_publisher.pc'
[11.574s] Level 1:colcon.colcon_core.environment:checking '/home/ubuntu/workspace/src/robots/topics/raspicam/install/turtlebot_image_publisher/lib/python3.8/site-packages'
[11.574s] Level 1:colcon.colcon_core.shell:create_environment_hook('turtlebot_image_publisher', 'pythonpath')
[11.584s] INFO:colcon.colcon_core.shell:Creating environment hook '/home/ubuntu/workspace/src/robots/topics/raspicam/install/turtlebot_image_publisher/share/turtlebot_image_publisher/hook/pythonpath.ps1'
[11.588s] INFO:colcon.colcon_core.shell:Creating environment descriptor '/home/ubuntu/workspace/src/robots/topics/raspicam/install/turtlebot_image_publisher/share/turtlebot_image_publisher/hook/pythonpath.dsv'
[11.591s] INFO:colcon.colcon_core.shell:Creating environment hook '/home/ubuntu/workspace/src/robots/topics/raspicam/install/turtlebot_image_publisher/share/turtlebot_image_publisher/hook/pythonpath.sh'
[11.595s] Level 1:colcon.colcon_core.environment:checking '/home/ubuntu/workspace/src/robots/topics/raspicam/install/turtlebot_image_publisher/bin'
[11.596s] Level 1:colcon.colcon_core.environment:create_environment_scripts_only(turtlebot_image_publisher)
[11.608s] INFO:colcon.colcon_core.shell:Creating package script '/home/ubuntu/workspace/src/robots/topics/raspicam/install/turtlebot_image_publisher/share/turtlebot_image_publisher/package.ps1'
[11.615s] INFO:colcon.colcon_core.shell:Creating package descriptor '/home/ubuntu/workspace/src/robots/topics/raspicam/install/turtlebot_image_publisher/share/turtlebot_image_publisher/package.dsv'
[11.620s] INFO:colcon.colcon_core.shell:Creating package script '/home/ubuntu/workspace/src/robots/topics/raspicam/install/turtlebot_image_publisher/share/turtlebot_image_publisher/package.sh'
[11.627s] INFO:colcon.colcon_core.shell:Creating package script '/home/ubuntu/workspace/src/robots/topics/raspicam/install/turtlebot_image_publisher/share/turtlebot_image_publisher/package.bash'
[11.635s] INFO:colcon.colcon_core.shell:Creating package script '/home/ubuntu/workspace/src/robots/topics/raspicam/install/turtlebot_image_publisher/share/turtlebot_image_publisher/package.zsh'
[11.640s] Level 1:colcon.colcon_core.environment:create_file_with_runtime_dependencies(/home/ubuntu/workspace/src/robots/topics/raspicam/install/turtlebot_image_publisher/share/colcon-core/packages/turtlebot_image_publisher)
[11.643s] DEBUG:colcon.colcon_parallel_executor.executor.parallel:closing loop
[11.645s] DEBUG:colcon.colcon_parallel_executor.executor.parallel:loop closed
[11.646s] DEBUG:colcon.colcon_parallel_executor.executor.parallel:run_until_complete finished with '0'
[11.646s] DEBUG:colcon.colcon_core.event_reactor:joining thread
[11.693s] INFO:colcon.colcon_core.plugin_system:Skipping extension 'colcon_notification.desktop_notification.notify_send': Could not find 'notify-send'
[11.694s] INFO:colcon.colcon_core.plugin_system:Skipping extension 'colcon_notification.desktop_notification.terminal_notifier': Not used on non-Darwin systems
[11.695s] INFO:colcon.colcon_core.plugin_system:Skipping extension 'colcon_notification.desktop_notification.win32': Not used on non-Windows systems
[11.695s] INFO:colcon.colcon_notification.desktop_notification:Sending desktop notification using 'notify2'
[11.699s] DEBUG:colcon.colcon_notification.desktop_notification.notify2:Failed to initialize notify2: org.freedesktop.DBus.Error.ServiceUnknown: The name org.freedesktop.Notifications was not provided by any .service files
[11.700s] DEBUG:colcon.colcon_core.event_reactor:joined thread
[11.712s] INFO:colcon.colcon_core.shell:Creating prefix script '/home/ubuntu/workspace/src/robots/topics/raspicam/install/local_setup.ps1'
[11.720s] INFO:colcon.colcon_core.shell:Creating prefix util module '/home/ubuntu/workspace/src/robots/topics/raspicam/install/_local_setup_util_ps1.py'
[11.732s] INFO:colcon.colcon_core.shell:Creating prefix chain script '/home/ubuntu/workspace/src/robots/topics/raspicam/install/setup.ps1'
[11.745s] INFO:colcon.colcon_core.shell:Creating prefix script '/home/ubuntu/workspace/src/robots/topics/raspicam/install/local_setup.sh'
[11.750s] INFO:colcon.colcon_core.shell:Creating prefix util module '/home/ubuntu/workspace/src/robots/topics/raspicam/install/_local_setup_util_sh.py'
[11.754s] INFO:colcon.colcon_core.shell:Creating prefix chain script '/home/ubuntu/workspace/src/robots/topics/raspicam/install/setup.sh'
[11.767s] INFO:colcon.colcon_core.shell:Creating prefix script '/home/ubuntu/workspace/src/robots/topics/raspicam/install/local_setup.bash'
[11.771s] INFO:colcon.colcon_core.shell:Creating prefix chain script '/home/ubuntu/workspace/src/robots/topics/raspicam/install/setup.bash'
[11.783s] INFO:colcon.colcon_core.shell:Creating prefix script '/home/ubuntu/workspace/src/robots/topics/raspicam/install/local_setup.zsh'
[11.788s] INFO:colcon.colcon_core.shell:Creating prefix chain script '/home/ubuntu/workspace/src/robots/topics/raspicam/install/setup.zsh'
