[2.380s] DEBUG:colcon:Command line arguments: ['/usr/bin/colcon', 'build']
[2.381s] DEBUG:colcon:Parsed command line arguments: Namespace(allow_overriding=[], ament_cmake_args=None, base_paths=['.'], build_base='build', catkin_cmake_args=None, catkin_skip_building_tests=False, cmake_args=None, cmake_clean_cache=False, cmake_clean_first=False, cmake_force_configure=False, cmake_target=None, cmake_target_skip_unavailable=False, continue_on_error=False, event_handlers=None, executor='parallel', ignore_user_meta=False, install_base='install', log_base=None, log_level=None, main=<bound method BuildVerb.main of <colcon_core.verb.build.BuildVerb object at 0xffff88ea8310>>, merge_install=False, metas=['./colcon.meta'], packages_above=None, packages_above_and_dependencies=None, packages_above_depth=None, packages_end=None, packages_ignore=None, packages_ignore_regex=None, packages_select=None, packages_select_build_failed=False, packages_select_by_dep=None, packages_select_regex=None, packages_select_test_failures=False, packages_skip=None, packages_skip_build_finished=False, packages_skip_by_dep=None, packages_skip_regex=None, packages_skip_test_passed=False, packages_skip_up_to=None, packages_start=None, packages_up_to=None, packages_up_to_regex=None, parallel_workers=4, paths=None, symlink_install=False, test_result_base=None, verb_extension=<colcon_core.verb.build.BuildVerb object at 0xffff88ea8310>, verb_name='build', verb_parser=<colcon_defaults.argument_parser.defaults.DefaultArgumentsDecorator object at 0xffff88ea8850>)
[2.585s] Level 1:colcon.colcon_core.package_discovery:discover_packages(colcon_meta) check parameters
[2.586s] Level 1:colcon.colcon_core.package_discovery:discover_packages(recursive) check parameters
[2.587s] Level 1:colcon.colcon_core.package_discovery:discover_packages(ignore) check parameters
[2.587s] Level 1:colcon.colcon_core.package_discovery:discover_packages(path) check parameters
[2.587s] Level 1:colcon.colcon_core.package_discovery:discover_packages(colcon_meta) discover
[2.587s] Level 1:colcon.colcon_core.package_discovery:discover_packages(recursive) discover
[2.588s] INFO:colcon.colcon_core.package_discovery:Crawling recursively for packages in '/home/ubuntu/workspace/src/robots/topics/raspicam'
[2.589s] Level 1:colcon.colcon_core.package_identification:_identify(.) by extensions ['ignore', 'ignore_ament_install']
[2.589s] Level 1:colcon.colcon_core.package_identification:_identify(.) by extension 'ignore'
[2.590s] Level 1:colcon.colcon_core.package_identification:_identify(.) by extension 'ignore_ament_install'
[2.590s] Level 1:colcon.colcon_core.package_identification:_identify(.) by extensions ['colcon_pkg']
[2.590s] Level 1:colcon.colcon_core.package_identification:_identify(.) by extension 'colcon_pkg'
[2.591s] Level 1:colcon.colcon_core.package_identification:_identify(.) by extensions ['colcon_meta']
[2.591s] Level 1:colcon.colcon_core.package_identification:_identify(.) by extension 'colcon_meta'
[2.591s] Level 1:colcon.colcon_core.package_identification:_identify(.) by extensions ['ros']
[2.591s] Level 1:colcon.colcon_core.package_identification:_identify(.) by extension 'ros'
[2.744s] Level 1:colcon.colcon_core.package_identification:_identify(.) by extensions ['cmake', 'python']
[2.744s] Level 1:colcon.colcon_core.package_identification:_identify(.) by extension 'cmake'
[2.745s] Level 1:colcon.colcon_core.package_identification:_identify(.) by extension 'python'
[2.745s] Level 1:colcon.colcon_core.package_identification:_identify(.) by extensions ['python_setup_py']
[2.745s] Level 1:colcon.colcon_core.package_identification:_identify(.) by extension 'python_setup_py'
[2.746s] Level 1:colcon.colcon_core.package_identification:_identify(build) by extensions ['ignore', 'ignore_ament_install']
[2.747s] Level 1:colcon.colcon_core.package_identification:_identify(build) by extension 'ignore'
[2.747s] Level 1:colcon.colcon_core.package_identification:_identify(build) ignored
[2.748s] Level 1:colcon.colcon_core.package_identification:_identify(install) by extensions ['ignore', 'ignore_ament_install']
[2.749s] Level 1:colcon.colcon_core.package_identification:_identify(install) by extension 'ignore'
[2.750s] Level 1:colcon.colcon_core.package_identification:_identify(install) ignored
[2.750s] Level 1:colcon.colcon_core.package_identification:_identify(log) by extensions ['ignore', 'ignore_ament_install']
[2.751s] Level 1:colcon.colcon_core.package_identification:_identify(log) by extension 'ignore'
[2.751s] Level 1:colcon.colcon_core.package_identification:_identify(log) ignored
[2.752s] Level 1:colcon.colcon_core.package_identification:_identify(turtlebot_image_publisher) by extensions ['ignore', 'ignore_ament_install']
[2.753s] Level 1:colcon.colcon_core.package_identification:_identify(turtlebot_image_publisher) by extension 'ignore'
[2.753s] Level 1:colcon.colcon_core.package_identification:_identify(turtlebot_image_publisher) by extension 'ignore_ament_install'
[2.754s] Level 1:colcon.colcon_core.package_identification:_identify(turtlebot_image_publisher) by extensions ['colcon_pkg']
[2.754s] Level 1:colcon.colcon_core.package_identification:_identify(turtlebot_image_publisher) by extension 'colcon_pkg'
[2.754s] Level 1:colcon.colcon_core.package_identification:_identify(turtlebot_image_publisher) by extensions ['colcon_meta']
[2.755s] Level 1:colcon.colcon_core.package_identification:_identify(turtlebot_image_publisher) by extension 'colcon_meta'
[2.755s] Level 1:colcon.colcon_core.package_identification:_identify(turtlebot_image_publisher) by extensions ['ros']
[2.755s] Level 1:colcon.colcon_core.package_identification:_identify(turtlebot_image_publisher) by extension 'ros'
[2.773s] DEBUG:colcon.colcon_core.package_identification:Package 'turtlebot_image_publisher' with type 'ros.ament_python' and name 'turtlebot_image_publisher'
[2.773s] Level 1:colcon.colcon_core.package_discovery:discover_packages(recursive) using defaults
[2.774s] Level 1:colcon.colcon_core.package_discovery:discover_packages(ignore) discover
[2.774s] Level 1:colcon.colcon_core.package_discovery:discover_packages(ignore) using defaults
[2.774s] Level 1:colcon.colcon_core.package_discovery:discover_packages(path) discover
[2.774s] Level 1:colcon.colcon_core.package_discovery:discover_packages(path) using defaults
[2.917s] Level 1:colcon.colcon_core.package_discovery:discover_packages(prefix_path) check parameters
[2.918s] Level 1:colcon.colcon_core.package_discovery:discover_packages(prefix_path) discover
[2.941s] DEBUG:colcon.colcon_installed_package_information.package_discovery:Found 1 installed packages in /home/ubuntu/workspace/src/robots/topics/raspicam/install
[2.951s] DEBUG:colcon.colcon_installed_package_information.package_discovery:Found 7 installed packages in /home/ubuntu/turtlebot3_ws/install
[2.965s] DEBUG:colcon.colcon_installed_package_information.package_discovery:Found 180 installed packages in /opt/ros/foxy
[2.975s] Level 1:colcon.colcon_core.package_discovery:discover_packages(prefix_path) using defaults
[3.362s] Level 5:colcon.colcon_core.verb:set package 'turtlebot_image_publisher' build argument 'cmake_args' from command line to 'None'
[3.362s] Level 5:colcon.colcon_core.verb:set package 'turtlebot_image_publisher' build argument 'cmake_target' from command line to 'None'
[3.362s] Level 5:colcon.colcon_core.verb:set package 'turtlebot_image_publisher' build argument 'cmake_target_skip_unavailable' from command line to 'False'
[3.362s] Level 5:colcon.colcon_core.verb:set package 'turtlebot_image_publisher' build argument 'cmake_clean_cache' from command line to 'False'
[3.363s] Level 5:colcon.colcon_core.verb:set package 'turtlebot_image_publisher' build argument 'cmake_clean_first' from command line to 'False'
[3.363s] Level 5:colcon.colcon_core.verb:set package 'turtlebot_image_publisher' build argument 'cmake_force_configure' from command line to 'False'
[3.363s] Level 5:colcon.colcon_core.verb:set package 'turtlebot_image_publisher' build argument 'ament_cmake_args' from command line to 'None'
[3.363s] Level 5:colcon.colcon_core.verb:set package 'turtlebot_image_publisher' build argument 'catkin_cmake_args' from command line to 'None'
[3.363s] Level 5:colcon.colcon_core.verb:set package 'turtlebot_image_publisher' build argument 'catkin_skip_building_tests' from command line to 'False'
[3.364s] DEBUG:colcon.colcon_core.verb:Building package 'turtlebot_image_publisher' with the following arguments: {'ament_cmake_args': None, 'build_base': '/home/ubuntu/workspace/src/robots/topics/raspicam/build/turtlebot_image_publisher', 'catkin_cmake_args': None, 'catkin_skip_building_tests': False, 'cmake_args': None, 'cmake_clean_cache': False, 'cmake_clean_first': False, 'cmake_force_configure': False, 'cmake_target': None, 'cmake_target_skip_unavailable': False, 'install_base': '/home/ubuntu/workspace/src/robots/topics/raspicam/install/turtlebot_image_publisher', 'merge_install': False, 'path': '/home/ubuntu/workspace/src/robots/topics/raspicam/turtlebot_image_publisher', 'symlink_install': False, 'test_result_base': None}
[3.369s] INFO:colcon.colcon_core.executor:Executing jobs using 'parallel' executor
[3.395s] DEBUG:colcon.colcon_parallel_executor.executor.parallel:run_until_complete
[3.397s] INFO:colcon.colcon_ros.task.ament_python.build:Building ROS package in '/home/ubuntu/workspace/src/robots/topics/raspicam/turtlebot_image_publisher' with build type 'ament_python'
[3.398s] Level 1:colcon.colcon_core.shell:create_environment_hook('turtlebot_image_publisher', 'ament_prefix_path')
[3.432s] INFO:colcon.colcon_core.plugin_system:Skipping extension 'colcon_core.shell.bat': Not used on non-Windows systems
[3.434s] INFO:colcon.colcon_core.shell:Creating environment hook '/home/ubuntu/workspace/src/robots/topics/raspicam/install/turtlebot_image_publisher/share/turtlebot_image_publisher/hook/ament_prefix_path.ps1'
[3.438s] INFO:colcon.colcon_core.shell:Creating environment descriptor '/home/ubuntu/workspace/src/robots/topics/raspicam/install/turtlebot_image_publisher/share/turtlebot_image_publisher/hook/ament_prefix_path.dsv'
[3.442s] INFO:colcon.colcon_core.shell:Creating environment hook '/home/ubuntu/workspace/src/robots/topics/raspicam/install/turtlebot_image_publisher/share/turtlebot_image_publisher/hook/ament_prefix_path.sh'
[3.458s] INFO:colcon.colcon_core.shell:Skip shell extension 'powershell' for command environment: Not usable outside of PowerShell
[3.459s] DEBUG:colcon.colcon_core.shell:Skip shell extension 'dsv' for command environment
[5.170s] INFO:colcon.colcon_core.task.python.build:Building Python package in '/home/ubuntu/workspace/src/robots/topics/raspicam/turtlebot_image_publisher'
[5.182s] INFO:colcon.colcon_core.shell:Skip shell extension 'powershell' for command environment: Not usable outside of PowerShell
[5.182s] DEBUG:colcon.colcon_core.shell:Skip shell extension 'dsv' for command environment
[7.862s] DEBUG:colcon.colcon_core.event_handler.log_command:Invoking command in '/home/ubuntu/workspace/src/robots/topics/raspicam/build/turtlebot_image_publisher': PYTHONPATH=/home/ubuntu/workspace/src/robots/topics/raspicam/build/turtlebot_image_publisher/prefix_override:/home/ubuntu/workspace/src/robots/topics/raspicam/install/turtlebot_image_publisher/lib/python3.8/site-packages:${PYTHONPATH} /usr/bin/python3 setup.py develop --uninstall --editable --build-directory /home/ubuntu/workspace/src/robots/topics/raspicam/build/turtlebot_image_publisher/build
[10.660s] DEBUG:colcon.colcon_core.event_handler.log_command:Invoked command in '/home/ubuntu/workspace/src/robots/topics/raspicam/build/turtlebot_image_publisher' returned '0': PYTHONPATH=/home/ubuntu/workspace/src/robots/topics/raspicam/build/turtlebot_image_publisher/prefix_override:/home/ubuntu/workspace/src/robots/topics/raspicam/install/turtlebot_image_publisher/lib/python3.8/site-packages:${PYTHONPATH} /usr/bin/python3 setup.py develop --uninstall --editable --build-directory /home/ubuntu/workspace/src/robots/topics/raspicam/build/turtlebot_image_publisher/build
[10.678s] DEBUG:colcon.colcon_core.event_handler.log_command:Invoking command in '/home/ubuntu/workspace/src/robots/topics/raspicam/turtlebot_image_publisher': PYTHONPATH=/home/ubuntu/workspace/src/robots/topics/raspicam/build/turtlebot_image_publisher/prefix_override:/home/ubuntu/workspace/src/robots/topics/raspicam/install/turtlebot_image_publisher/lib/python3.8/site-packages:${PYTHONPATH} /usr/bin/python3 setup.py egg_info --egg-base ../build/turtlebot_image_publisher build --build-base /home/ubuntu/workspace/src/robots/topics/raspicam/build/turtlebot_image_publisher/build install --record /home/ubuntu/workspace/src/robots/topics/raspicam/build/turtlebot_image_publisher/install.log --install-scripts $base/lib/turtlebot_image_publisher --single-version-externally-managed
[12.896s] DEBUG:colcon.colcon_core.event_handler.log_command:Invoked command in '/home/ubuntu/workspace/src/robots/topics/raspicam/turtlebot_image_publisher' returned '0': PYTHONPATH=/home/ubuntu/workspace/src/robots/topics/raspicam/build/turtlebot_image_publisher/prefix_override:/home/ubuntu/workspace/src/robots/topics/raspicam/install/turtlebot_image_publisher/lib/python3.8/site-packages:${PYTHONPATH} /usr/bin/python3 setup.py egg_info --egg-base ../build/turtlebot_image_publisher build --build-base /home/ubuntu/workspace/src/robots/topics/raspicam/build/turtlebot_image_publisher/build install --record /home/ubuntu/workspace/src/robots/topics/raspicam/build/turtlebot_image_publisher/install.log --install-scripts $base/lib/turtlebot_image_publisher --single-version-externally-managed
[12.937s] Level 1:colcon.colcon_core.environment:checking '/home/ubuntu/workspace/src/robots/topics/raspicam/install/turtlebot_image_publisher' for CMake module files
[12.942s] Level 1:colcon.colcon_core.environment:checking '/home/ubuntu/workspace/src/robots/topics/raspicam/install/turtlebot_image_publisher' for CMake config files
[12.948s] Level 1:colcon.colcon_core.environment:checking '/home/ubuntu/workspace/src/robots/topics/raspicam/install/turtlebot_image_publisher/lib'
[12.950s] Level 1:colcon.colcon_core.environment:checking '/home/ubuntu/workspace/src/robots/topics/raspicam/install/turtlebot_image_publisher/bin'
[12.951s] Level 1:colcon.colcon_core.environment:checking '/home/ubuntu/workspace/src/robots/topics/raspicam/install/turtlebot_image_publisher/lib/pkgconfig/turtlebot_image_publisher.pc'
[12.952s] Level 1:colcon.colcon_core.environment:checking '/home/ubuntu/workspace/src/robots/topics/raspicam/install/turtlebot_image_publisher/lib/python3.8/site-packages'
[12.953s] Level 1:colcon.colcon_core.shell:create_environment_hook('turtlebot_image_publisher', 'pythonpath')
[12.963s] INFO:colcon.colcon_core.shell:Creating environment hook '/home/ubuntu/workspace/src/robots/topics/raspicam/install/turtlebot_image_publisher/share/turtlebot_image_publisher/hook/pythonpath.ps1'
[12.967s] INFO:colcon.colcon_core.shell:Creating environment descriptor '/home/ubuntu/workspace/src/robots/topics/raspicam/install/turtlebot_image_publisher/share/turtlebot_image_publisher/hook/pythonpath.dsv'
[12.970s] INFO:colcon.colcon_core.shell:Creating environment hook '/home/ubuntu/workspace/src/robots/topics/raspicam/install/turtlebot_image_publisher/share/turtlebot_image_publisher/hook/pythonpath.sh'
[12.974s] Level 1:colcon.colcon_core.environment:checking '/home/ubuntu/workspace/src/robots/topics/raspicam/install/turtlebot_image_publisher/bin'
[12.975s] Level 1:colcon.colcon_core.environment:create_environment_scripts_only(turtlebot_image_publisher)
[12.986s] INFO:colcon.colcon_core.shell:Creating package script '/home/ubuntu/workspace/src/robots/topics/raspicam/install/turtlebot_image_publisher/share/turtlebot_image_publisher/package.ps1'
[12.993s] INFO:colcon.colcon_core.shell:Creating package descriptor '/home/ubuntu/workspace/src/robots/topics/raspicam/install/turtlebot_image_publisher/share/turtlebot_image_publisher/package.dsv'
[12.997s] INFO:colcon.colcon_core.shell:Creating package script '/home/ubuntu/workspace/src/robots/topics/raspicam/install/turtlebot_image_publisher/share/turtlebot_image_publisher/package.sh'
[13.004s] INFO:colcon.colcon_core.shell:Creating package script '/home/ubuntu/workspace/src/robots/topics/raspicam/install/turtlebot_image_publisher/share/turtlebot_image_publisher/package.bash'
[13.011s] INFO:colcon.colcon_core.shell:Creating package script '/home/ubuntu/workspace/src/robots/topics/raspicam/install/turtlebot_image_publisher/share/turtlebot_image_publisher/package.zsh'
[13.016s] Level 1:colcon.colcon_core.environment:create_file_with_runtime_dependencies(/home/ubuntu/workspace/src/robots/topics/raspicam/install/turtlebot_image_publisher/share/colcon-core/packages/turtlebot_image_publisher)
[13.019s] DEBUG:colcon.colcon_parallel_executor.executor.parallel:closing loop
[13.021s] DEBUG:colcon.colcon_parallel_executor.executor.parallel:loop closed
[13.022s] DEBUG:colcon.colcon_parallel_executor.executor.parallel:run_until_complete finished with '0'
[13.022s] DEBUG:colcon.colcon_core.event_reactor:joining thread
[13.067s] INFO:colcon.colcon_core.plugin_system:Skipping extension 'colcon_notification.desktop_notification.notify_send': Could not find 'notify-send'
[13.067s] INFO:colcon.colcon_core.plugin_system:Skipping extension 'colcon_notification.desktop_notification.terminal_notifier': Not used on non-Darwin systems
[13.068s] INFO:colcon.colcon_core.plugin_system:Skipping extension 'colcon_notification.desktop_notification.win32': Not used on non-Windows systems
[13.068s] INFO:colcon.colcon_notification.desktop_notification:Sending desktop notification using 'notify2'
[13.073s] DEBUG:colcon.colcon_notification.desktop_notification.notify2:Failed to initialize notify2: org.freedesktop.DBus.Error.ServiceUnknown: The name org.freedesktop.Notifications was not provided by any .service files
[13.074s] DEBUG:colcon.colcon_core.event_reactor:joined thread
[13.086s] INFO:colcon.colcon_core.shell:Creating prefix script '/home/ubuntu/workspace/src/robots/topics/raspicam/install/local_setup.ps1'
[13.094s] INFO:colcon.colcon_core.shell:Creating prefix util module '/home/ubuntu/workspace/src/robots/topics/raspicam/install/_local_setup_util_ps1.py'
[13.104s] INFO:colcon.colcon_core.shell:Creating prefix chain script '/home/ubuntu/workspace/src/robots/topics/raspicam/install/setup.ps1'
[13.118s] INFO:colcon.colcon_core.shell:Creating prefix script '/home/ubuntu/workspace/src/robots/topics/raspicam/install/local_setup.sh'
[13.124s] INFO:colcon.colcon_core.shell:Creating prefix util module '/home/ubuntu/workspace/src/robots/topics/raspicam/install/_local_setup_util_sh.py'
[13.128s] INFO:colcon.colcon_core.shell:Creating prefix chain script '/home/ubuntu/workspace/src/robots/topics/raspicam/install/setup.sh'
[13.141s] INFO:colcon.colcon_core.shell:Creating prefix script '/home/ubuntu/workspace/src/robots/topics/raspicam/install/local_setup.bash'
[13.145s] INFO:colcon.colcon_core.shell:Creating prefix chain script '/home/ubuntu/workspace/src/robots/topics/raspicam/install/setup.bash'
[13.158s] INFO:colcon.colcon_core.shell:Creating prefix script '/home/ubuntu/workspace/src/robots/topics/raspicam/install/local_setup.zsh'
[13.162s] INFO:colcon.colcon_core.shell:Creating prefix chain script '/home/ubuntu/workspace/src/robots/topics/raspicam/install/setup.zsh'
